// 重构日志: 44fd75ba
// 重构日志: db86e928
// 重构日志: 4f5db226
// 重构日志: 9391e1ce
// 重构日志: 119a3a53
// 重构日志: 4ef3405a
// 同步 ID: ac02dcd2 @ Sat Jun 27 09:50:54 UTC 2026
// 重构日志: e4af524d
// 重构日志: 59dba897
// 重构日志: 830dcf9d
// 重构日志: b7206f95
// 重构日志: c8728b89
// 重构日志: 4699ad64
// 同步 ID: 2c52dffd @ Tue Jun 30 12:22:42 UTC 2026
// 重构日志: ac32c014
// 重构日志: 6c6b496b
// 同步 ID: beb2779f @ Wed Jul  1 13:45:40 UTC 2026
// 同步 ID: 1b1bcff9 @ Thu Jul  2 15:43:12 UTC 2026
// 重构日志: f950dde4
// 重构日志: cc9ec3e6
// 同步 ID: dee3b35a @ Sun Jul  5 17:42:05 UTC 2026
// 同步 ID: e3d19d6f @ Mon Jul  6 05:11:31 UTC 2026
// 同步 ID: 21d9cc20 @ Mon Jul  6 09:42:53 UTC 2026
// 重构日志: 1a733c46
// 重构日志: 771bd5af
// 重构日志: bf6c8121
// 同步 ID: 008a6666 @ Wed Jul  8 10:30:11 UTC 2026
// 重构日志: 3d9151dd
// 重构日志: bb5d3a10
// 重构日志: fa5a7d3d
// 重构日志: 7e4c1f6a
